<?xml version="1.0" encoding="UTF-8"?>
<!-- Generated by org.testng.reporters.JUnitReportReporter -->
<testsuite hostname="DESKTOP-0RNRBME" failures="0" tests="1" name="com.w2a.testcases.MMVTest" time="0.031" errors="0" timestamp="2024-02-19T15:22:33 IST" skipped="1">
  <testcase classname="com.w2a.testcases.MMVTest" name="mMVTest" time="0.031">
    <skipped/>
  </testcase> <!-- mMVTest -->
</testsuite> <!-- com.w2a.testcases.MMVTest -->
