<?xml version="1.0" encoding="UTF-8"?>
<!-- Generated by org.testng.reporters.JUnitReportReporter -->
<testsuite hostname="DESKTOP-0RNRBME" failures="0" tests="3" name="com.w2a.testcases.PlateTest" time="420.473" errors="0" timestamp="2024-02-03T20:52:26 IST" skipped="0">
  <testcase classname="com.w2a.testcases.PlateTest" name="plateTest" time="133.088"/>
  <testcase classname="com.w2a.testcases.PlateTest" name="plateTest" time="59.982"/>
  <testcase classname="com.w2a.testcases.PlateTest" name="plateTest" time="227.403"/>
</testsuite> <!-- com.w2a.testcases.PlateTest -->
