<?xml version="1.0" encoding="UTF-8"?>
<!-- Generated by org.testng.reporters.JUnitReportReporter -->
<testsuite hostname="DESKTOP-0RNRBME" failures="0" tests="2" name="com.w2a.testcases.PlateNumberTest" time="0.040" errors="0" timestamp="2024-02-21T20:54:19 IST" skipped="2">
  <testcase classname="com.w2a.testcases.PlateNumberTest" name="plateNumberTest" time="0.039">
    <skipped/>
  </testcase> <!-- plateNumberTest -->
  <testcase classname="com.w2a.testcases.PlateNumberTest" name="plateNumberTest" time="0.001">
    <skipped/>
  </testcase> <!-- plateNumberTest -->
</testsuite> <!-- com.w2a.testcases.PlateNumberTest -->
